Created by PLY version 3.11 (http://www.dabeaz.com/ply)

Unused terminals:

    EQUAL
    SPLIT

Grammar

Rule 0     S' -> statement
Rule 1     statement -> expression
Rule 2     expression -> DROP LPAREN IDENTIFIER COMMA NUMBER RPAREN

Terminals, with rules where they appear

COMMA                : 2
DROP                 : 2
EQUAL                : 
IDENTIFIER           : 2
LPAREN               : 2
NUMBER               : 2
RPAREN               : 2
SPLIT                : 
error                : 

Nonterminals, with rules where they appear

expression           : 1
statement            : 0

Parsing method: LALR

state 0

    (0) S' -> . statement
    (1) statement -> . expression
    (2) expression -> . DROP LPAREN IDENTIFIER COMMA NUMBER RPAREN

    DROP            shift and go to state 3

    statement                      shift and go to state 1
    expression                     shift and go to state 2

state 1

    (0) S' -> statement .



state 2

    (1) statement -> expression .

    $end            reduce using rule 1 (statement -> expression .)


state 3

    (2) expression -> DROP . LPAREN IDENTIFIER COMMA NUMBER RPAREN

    LPAREN          shift and go to state 4


state 4

    (2) expression -> DROP LPAREN . IDENTIFIER COMMA NUMBER RPAREN

    IDENTIFIER      shift and go to state 5


state 5

    (2) expression -> DROP LPAREN IDENTIFIER . COMMA NUMBER RPAREN

    COMMA           shift and go to state 6


state 6

    (2) expression -> DROP LPAREN IDENTIFIER COMMA . NUMBER RPAREN

    NUMBER          shift and go to state 7


state 7

    (2) expression -> DROP LPAREN IDENTIFIER COMMA NUMBER . RPAREN

    RPAREN          shift and go to state 8


state 8

    (2) expression -> DROP LPAREN IDENTIFIER COMMA NUMBER RPAREN .

    $end            reduce using rule 2 (expression -> DROP LPAREN IDENTIFIER COMMA NUMBER RPAREN .)

